datetime of the start of programe: 10:16:24
Name of teacher Dylan
datetime: 10:16:24 2/22/22 Dylan 2 Math
datetime: 10:17:05 2/22/22 Dylan 2 Math
ID: 234     Name: dylab
Grades: [34.0, 34.0, 23.0, 48.0, 99.0, 25.0]
********************************
datetime: 10:17:54 2/22/22 Dylan 2 Math
datetime of the start of programe: 10:22:05
Name of teacher Dylan
datetime: 10:22:05 2/2/22 Dylan 2 Math
student data deleted ('234_grades', '234_student_id', '234_student_name')        It was deleted by Dylan
It was deleted at this 10:22:21 time.
datetime: 10:22:29 2/2/22 Dylan 2 Math
datetime of the start of programe: 17:12:15
Name of teacher Dylan
ID: 235     Name: sam
Grades: [34.0, 100.0, 100.0, 90.0, 34.5, 23.9, 99.0, 89.0]
********************************
ID: 127     Name: dylan hilse
Grades: [0.0, 0.0, 3.0, 3.0, 100.0, 100.0, 90.0, 95.0, 70.0]
********************************
datetime: 17:13:49 1/1/11 Dylan 2 Math
ID: 235       Name: sami sam
Old name: sam        New name: sami sam
old grades: ObservedList(value=[34.0, 100.0, 100.0, 90.0, 34.5, 23.9, 99.0, 89.0])        New grades [100.0, 34.0, 100.0, 90.0, 34.5, 23.9, 99.0, 89.0]
datetime: 17:15:58 1/1/11 Dylan 2 Math
the whole database was deleted at 17:16:22        It was deleted by Dylan
datetime: 17:16:22 1/1/11 Dylan 2 Math
Time at the end of programe: 17:16:50
Name of teacher Dylan
****************************
datetime of the start of programe: 13:26:08
Name of teacher Dylan
datetime: 13:26:09 1/1/11 Dylan 2 Math
ID: 123     Name: sam
Grades: [100.0, 100.0, 90.0, 98.0, 78.0, 20.0, 60.0]
********************************
datetime: 13:26:43 1/1/11 Dylan 2 Math
Time at the end of programe: 13:27:40
Name of teacher Dylan
********************************
datetime of the start of programe: 14:17:05
Name of teacher Dylan
ID: 123       Name: dylan
Old name: sam        New name: dylan
old grades: ObservedList(value=[100.0, 100.0, 90.0, 98.0, 78.0, 20.0, 60.0])        New grades [100.0, 100.0, 95.0, 99.2, 80.0, 20.0, 65.0]
datetime: 14:18:10 1/11/11 Dylan The term 2 Math
student data deleted ('123_grades', '123_student_id', '123_student_name')        It was deleted by Dylan
It was deleted at this 14:20:38 time.
datetime: 14:20:43 1/11/11 Dylan The term 2 Math
Time at the end of programe: 14:20:46
Name of teacher Dylan
********************************
datetime of the start of programe: 14:26:12
Name of teacher Dylan
ID: 125     Name: zack
Grades: [100.0, 90.0, 25.0]
********************************
datetime: 14:27:01 1/1/11 Dylan The term 2 Math
student data deleted ('125_grades', '125_student_id', '125_student_name')        It was deleted by Dylan
It was deleted at this 14:28:09 time.
datetime: 14:28:13 1/1/11 Dylan The term 2 Math
Time at the end of programe: 14:28:17
Name of teacher Dylan
********************************
datetime of the start of programe: 18:52:21
Name of teacher Dylan
ID: 135     Name: sam
Grades: [23.0, 14.0, 100.0, 23.0, 90.0, 89.0]
********************************
datetime: 18:55:38 1/11/11 Dylan The term 2 Math
Time at the end of programe: 18:56:22
Name of teacher Dylan
********************************

datetime of the start of programe: 17:28:33
Name of teacher Dylan
datetime: 17:28:38 2/22/22 Dylan The term 2 Math
Time at the end of programe: 17:29:11
Name of teacher Dylan
********************************
datetime of the start of programe: 17:33:43
Name of teacher Dylan
datetime of the start of programe: 17:34:37
Name of teacher Dylan
datetime of the start of programe: 17:35:27
Name of teacher Dylan
datetime of the start of programe: 17:36:15
Name of teacher Dylan
datetime of the start of programe: 17:36:45
Name of teacher Dylan
datetime: 17:36:49 1/1/11 Dylan The term 1 Math
datetime of the start of programe: 17:39:59
Name of teacher Dylan
datetime: 17:40:03 1/1/11 Dylan The term 1 Math
datetime: 17:40:27 1/1/11 Dylan The term 1 Math
datetime of the start of programe: 17:42:49
Name of teacher Dylan
ID: 123     Name: dylan
Grades: [100.0, 23.0, 90.0, 98.0, 75.0]
********************************
datetime: 17:43:23 1/11/11 Dylan The term 1 Math
datetime: 17:43:30 1/11/11 Dylan The term 1 Math
datetime: 17:43:34 1/11/11 Dylan The term 1 Math
Time at the end of programe: 17:45:16
Name of teacher Dylan
********************************
datetime of the start of programe: 12:40:27
Name of teacher Dylan
datetime: 12:40:34 1/1/11 Dylan The term 3 Math
Time at the end of programe: 12:40:55
Name of teacher Dylan
********************************
datetime of the start of programe: 12:41:46
Name of teacher Dylan
datetime of the start of programe: 12:43:25
Name of teacher Dylan
datetime of the start of programe: 12:45:39
Name of teacher Dylan
datetime of the start of programe: 12:47:07
Name of teacher Dylan
datetime of the start of programe: 12:48:45
Name of teacher Dylan
datetime of the start of programe: 12:55:36
Name of teacher Dylan
datetime: 12:55:40 1/11/11 Dylan The term 1 Math
Time at the end of programe: 13:01:48
Name of teacher Dylan
********************************
datetime of the start of programe: 16:22:42
Name of teacher Dylan
datetime: 16:22:46 1/1/11 Dylan The term 1 Math
Time at the end of programe: 16:23:02
Name of teacher Dylan
********************************
datetime of the start of programe: 16:28:04
Name of teacher Dylan
datetime of the start of programe: 16:28:44
Name of teacher Dylan
datetime of the start of programe: 16:29:15
Name of teacher Dylan
datetime: 16:29:25 1/11/11 Dylan The term 1 Math
Time at the end of programe: 16:29:48
Name of teacher Dylan
********************************
datetime of the start of programe: 16:37:33
Name of teacher Dylan
datetime: 16:37:37 1/11/11 Dylan The term 1 Math
Time at the end of programe: 16:39:20
Name of teacher Dylan
********************************
datetime of the start of programe: 17:44:16
Name of teacher Dylan
datetime: 17:44:21 1/11/11 Dylan The term 1 Math
datetime of the start of programe: 17:53:52
Name of teacher Dylan
datetime: 17:53:55 1/11/11 Dylan The term 1 Math
datetime: 17:54:49 1/11/11 Dylan The term 1 Math
Time at the end of programe: 17:55:49
Name of teacher Dylan
********************************
datetime of the start of programe: 18:07:39
Name of teacher Dylan
datetime: 18:07:55 1/11/11 Dylan The term 1 Math
ID: 145     Name: sam
Grades: [100.0, 100.0, 98.0, 95.0, 34.0, 98.0, 99.0, 75.0]
********************************
datetime of the start of programe: 18:14:46
Name of teacher Dylan
datetime: 18:14:50 1/11/11 Dylan The term 1 Math
datetime of the start of programe: 11:43:18
Name of teacher Dylan
ID: 298     Name: zack
Grades: [100.0, 100.0, 100.0, 100.0, 100.0, 100.0, 100.0, 100.0, 100.0, 100.0, 100.0, 100.0]
********************************
datetime of the start of programe: 11:47:45
Name of teacher Dylan
datetime of the start of programe: 11:48:15
Name of teacher Dylan
datetime of the start of programe: 11:50:56
Name of teacher Dylan
datetime of the start of programe: 11:52:24
Name of teacher Dylan
datetime: 11:52:29 1/11/11 Dylan The term 1 Math
Time at the end of programe: 11:53:39
Name of teacher Dylan
********************************
datetime of the start of programe: 11:53:56
Name of teacher Dylan
datetime: 11:57:18 1/1/11 Dylan The term 1 Math
Time at the end of programe: 12:05:21
Name of teacher Dylan
********************************
datetime of the start of programe: 12:25:59
Name of teacher Dylan
datetime: 12:26:15 1/11/11 Dylan The term 1 Math
Time at the end of programe: 12:27:00
Name of teacher Dylan
********************************
datetime of the start of programe: 12:28:09
Name of teacher Dylan
datetime: 12:28:15 1/11/11 Dylan The term 1 Math
datetime of the start of programe: 12:38:25
Name of teacher Dylan
datetime: 12:38:29 1/1/11 Dylan The term 1 Math
datetime of the start of programe: 12:52:59
Name of teacher Dylan
datetime: 12:53:03 1/1/11 Dylan The term 1 Math
Time at the end of programe: 12:58:18
Name of teacher Dylan
********************************
datetime of the start of programe: 12:37:23
Name of teacher Dylan
ID: 190     Name: ismail
Grades: [100.0, 90.0, 98.0, 78.0, 0.0, 65.0, 78.0, 91.4]
********************************
datetime: 12:39:09 2/22/22 Dylan The term 2 Math
datetime of the start of programe: 12:40:23
Name of teacher Dylan
datetime: 12:40:28 1/11/11 Dylan The term 2 Math
Time at the end of programe: 12:42:16
Name of teacher Dylan
********************************
